<?xml version="1.0" encoding="UTF-8"?>
<coverage generated="1779244763909" clover="3.2.0">
  <project timestamp="1779244763909" name="All files">
    <metrics statements="6" coveredstatements="6" conditionals="0" coveredconditionals="0" methods="0" coveredmethods="0" elements="6" coveredelements="6" complexity="0" loc="6" ncloc="6" packages="1" files="1" classes="1"/>
    <file name="diagramData.js" path="/Users/michaellongerich/Documents/1.Projects/Code/portfolio/src/data/diagramData.js">
      <metrics statements="6" coveredstatements="6" conditionals="0" coveredconditionals="0" methods="0" coveredmethods="0"/>
      <line num="1" count="2" type="stmt"/>
      <line num="24" count="2" type="stmt"/>
      <line num="37" count="2" type="stmt"/>
      <line num="41" count="2" type="stmt"/>
      <line num="43" count="2" type="stmt"/>
      <line num="45" count="2" type="stmt"/>
    </file>
  </project>
</coverage>
