{"/Users/michaellongerich/Documents/1.Projects/Code/portfolio/src/components/Contact/ContactCard.jsx": {"path":"/Users/michaellongerich/Documents/1.Projects/Code/portfolio/src/components/Contact/ContactCard.jsx","statementMap":{"0":{"start":{"line":4,"column":32},"end":{"line":4,"column":47}},"1":{"start":{"line":5,"column":14},"end":{"line":5,"column":56}},"2":{"start":{"line":6,"column":21},"end":{"line":9,"column":3}},"3":{"start":{"line":7,"column":24},"end":{"line":7,"column":40}},"4":{"start":{"line":8,"column":24},"end":{"line":8,"column":41}},"5":{"start":{"line":11,"column":4},"end":{"line":14,"column":7}},"6":{"start":{"line":17,"column":2},"end":{"line":23,"column":3}},"7":{"start":{"line":18,"column":4},"end":{"line":22,"column":6}},"8":{"start":{"line":25,"column":2},"end":{"line":34,"column":4}}},"fnMap":{"0":{"name":"ContactCard","decl":{"start":{"line":3,"column":16},"end":{"line":3,"column":27}},"loc":{"start":{"line":3,"column":82},"end":{"line":35,"column":1}},"line":3},"1":{"name":"(anonymous_1)","decl":{"start":{"line":7,"column":18},"end":{"line":7,"column":19}},"loc":{"start":{"line":7,"column":24},"end":{"line":7,"column":40}},"line":7},"2":{"name":"(anonymous_2)","decl":{"start":{"line":8,"column":18},"end":{"line":8,"column":19}},"loc":{"start":{"line":8,"column":24},"end":{"line":8,"column":41}},"line":8}},"branchMap":{"0":{"loc":{"start":{"line":5,"column":29},"end":{"line":5,"column":54}},"type":"cond-expr","locations":[{"start":{"line":5,"column":39},"end":{"line":5,"column":49}},{"start":{"line":5,"column":52},"end":{"line":5,"column":54}}],"line":5},"1":{"loc":{"start":{"line":17,"column":2},"end":{"line":23,"column":3}},"type":"if","locations":[{"start":{"line":17,"column":2},"end":{"line":23,"column":3}},{"start":{},"end":{}}],"line":17},"2":{"loc":{"start":{"line":29,"column":11},"end":{"line":29,"column":64}},"type":"cond-expr","locations":[{"start":{"line":29,"column":22},"end":{"line":29,"column":59}},{"start":{"line":29,"column":62},"end":{"line":29,"column":64}}],"line":29}},"s":{"0":14,"1":14,"2":14,"3":3,"4":1,"5":14,"6":14,"7":0,"8":14},"f":{"0":14,"1":3,"2":1},"b":{"0":[3,11],"1":[0,14],"2":[13,1]},"_coverageSchema":"1a1c01bbd47fc00a2c39e90264f33305004495a9","hash":"49508281198d421f15c54621f749f382a8377d91"}
,"/Users/michaellongerich/Documents/1.Projects/Code/portfolio/src/components/Diagram/NodeDetailCard.jsx": {"path":"/Users/michaellongerich/Documents/1.Projects/Code/portfolio/src/components/Diagram/NodeDetailCard.jsx","statementMap":{"0":{"start":{"line":6,"column":26},"end":{"line":6,"column":30}},"1":{"start":{"line":9,"column":15},"end":{"line":9,"column":45}},"2":{"start":{"line":10,"column":16},"end":{"line":10,"column":39}},"3":{"start":{"line":11,"column":16},"end":{"line":11,"column":40}},"4":{"start":{"line":12,"column":13},"end":{"line":12,"column":30}},"5":{"start":{"line":13,"column":13},"end":{"line":13,"column":31}},"6":{"start":{"line":14,"column":14},"end":{"line":14,"column":16}},"7":{"start":{"line":16,"column":2},"end":{"line":36,"column":3}},"8":{"start":{"line":17,"column":20},"end":{"line":17,"column":46}},"9":{"start":{"line":18,"column":17},"end":{"line":18,"column":77}},"10":{"start":{"line":19,"column":14},"end":{"line":19,"column":31}},"11":{"start":{"line":20,"column":4},"end":{"line":20,"column":74}},"12":{"start":{"line":20,"column":31},"end":{"line":20,"column":74}},"13":{"start":{"line":21,"column":4},"end":{"line":21,"column":34}},"14":{"start":{"line":22,"column":4},"end":{"line":22,"column":32}},"15":{"start":{"line":24,"column":15},"end":{"line":24,"column":31}},"16":{"start":{"line":25,"column":4},"end":{"line":30,"column":5}},"17":{"start":{"line":26,"column":6},"end":{"line":26,"column":37}},"18":{"start":{"line":27,"column":6},"end":{"line":29,"column":7}},"19":{"start":{"line":28,"column":8},"end":{"line":28,"column":95}},"20":{"start":{"line":31,"column":14},"end":{"line":31,"column":22}},"21":{"start":{"line":32,"column":4},"end":{"line":32,"column":67}},"22":{"start":{"line":32,"column":31},"end":{"line":32,"column":67}},"23":{"start":{"line":33,"column":4},"end":{"line":33,"column":27}},"24":{"start":{"line":33,"column":18},"end":{"line":33,"column":27}},"25":{"start":{"line":34,"column":4},"end":{"line":34,"column":34}},"26":{"start":{"line":35,"column":4},"end":{"line":35,"column":32}},"27":{"start":{"line":40,"column":18},"end":{"line":40,"column":30}},"28":{"start":{"line":41,"column":18},"end":{"line":41,"column":32}},"29":{"start":{"line":42,"column":15},"end":{"line":42,"column":55}},"30":{"start":{"line":43,"column":18},"end":{"line":43,"column":74}},"31":{"start":{"line":44,"column":42},"end":{"line":44,"column":57}},"32":{"start":{"line":46,"column":20},"end":{"line":46,"column":80}},"33":{"start":{"line":47,"column":23},"end":{"line":47,"column":67}},"34":{"start":{"line":48,"column":25},"end":{"line":51,"column":10}},"35":{"start":{"line":53,"column":2},"end":{"line":61,"column":44}},"36":{"start":{"line":54,"column":4},"end":{"line":60,"column":5}},"37":{"start":{"line":55,"column":6},"end":{"line":59,"column":9}},"38":{"start":{"line":56,"column":8},"end":{"line":58,"column":9}},"39":{"start":{"line":57,"column":10},"end":{"line":57,"column":62}},"40":{"start":{"line":63,"column":2},"end":{"line":74,"column":30}},"41":{"start":{"line":64,"column":4},"end":{"line":64,"column":25}},"42":{"start":{"line":64,"column":18},"end":{"line":64,"column":25}},"43":{"start":{"line":65,"column":19},"end":{"line":67,"column":5}},"44":{"start":{"line":66,"column":6},"end":{"line":66,"column":104}},"45":{"start":{"line":66,"column":52},"end":{"line":66,"column":104}},"46":{"start":{"line":68,"column":4},"end":{"line":68,"column":65}},"47":{"start":{"line":69,"column":4},"end":{"line":69,"column":46}},"48":{"start":{"line":70,"column":4},"end":{"line":73,"column":6}},"49":{"start":{"line":71,"column":6},"end":{"line":71,"column":51}},"50":{"start":{"line":72,"column":6},"end":{"line":72,"column":51}},"51":{"start":{"line":76,"column":2},"end":{"line":85,"column":32}},"52":{"start":{"line":77,"column":4},"end":{"line":77,"column":25}},"53":{"start":{"line":77,"column":18},"end":{"line":77,"column":25}},"54":{"start":{"line":78,"column":19},"end":{"line":82,"column":5}},"55":{"start":{"line":79,"column":6},"end":{"line":81,"column":7}},"56":{"start":{"line":80,"column":8},"end":{"line":80,"column":27}},"57":{"start":{"line":83,"column":4},"end":{"line":83,"column":47}},"58":{"start":{"line":84,"column":4},"end":{"line":84,"column":63}},"59":{"start":{"line":84,"column":17},"end":{"line":84,"column":62}},"60":{"start":{"line":87,"column":2},"end":{"line":92,"column":25}},"61":{"start":{"line":88,"column":4},"end":{"line":88,"column":25}},"62":{"start":{"line":88,"column":18},"end":{"line":88,"column":25}},"63":{"start":{"line":89,"column":19},"end":{"line":89,"column":66}},"64":{"start":{"line":89,"column":28},"end":{"line":89,"column":64}},"65":{"start":{"line":89,"column":52},"end":{"line":89,"column":64}},"66":{"start":{"line":90,"column":4},"end":{"line":90,"column":49}},"67":{"start":{"line":91,"column":4},"end":{"line":91,"column":65}},"68":{"start":{"line":91,"column":17},"end":{"line":91,"column":64}},"69":{"start":{"line":94,"column":2},"end":{"line":132,"column":4}},"70":{"start":{"line":114,"column":30},"end":{"line":114,"column":51}},"71":{"start":{"line":115,"column":30},"end":{"line":115,"column":52}}},"fnMap":{"0":{"name":"positionCard","decl":{"start":{"line":8,"column":9},"end":{"line":8,"column":21}},"loc":{"start":{"line":8,"column":36},"end":{"line":37,"column":1}},"line":8},"1":{"name":"NodeDetailCard","decl":{"start":{"line":39,"column":16},"end":{"line":39,"column":30}},"loc":{"start":{"line":39,"column":129},"end":{"line":133,"column":1}},"line":39},"2":{"name":"(anonymous_2)","decl":{"start":{"line":53,"column":12},"end":{"line":53,"column":13}},"loc":{"start":{"line":53,"column":18},"end":{"line":61,"column":3}},"line":53},"3":{"name":"(anonymous_3)","decl":{"start":{"line":55,"column":28},"end":{"line":55,"column":29}},"loc":{"start":{"line":55,"column":34},"end":{"line":59,"column":7}},"line":55},"4":{"name":"(anonymous_4)","decl":{"start":{"line":63,"column":12},"end":{"line":63,"column":13}},"loc":{"start":{"line":63,"column":18},"end":{"line":74,"column":3}},"line":63},"5":{"name":"(anonymous_5)","decl":{"start":{"line":65,"column":19},"end":{"line":65,"column":20}},"loc":{"start":{"line":65,"column":25},"end":{"line":67,"column":5}},"line":65},"6":{"name":"(anonymous_6)","decl":{"start":{"line":70,"column":11},"end":{"line":70,"column":12}},"loc":{"start":{"line":70,"column":17},"end":{"line":73,"column":5}},"line":70},"7":{"name":"(anonymous_7)","decl":{"start":{"line":76,"column":12},"end":{"line":76,"column":13}},"loc":{"start":{"line":76,"column":18},"end":{"line":85,"column":3}},"line":76},"8":{"name":"(anonymous_8)","decl":{"start":{"line":78,"column":19},"end":{"line":78,"column":20}},"loc":{"start":{"line":78,"column":26},"end":{"line":82,"column":5}},"line":78},"9":{"name":"(anonymous_9)","decl":{"start":{"line":84,"column":11},"end":{"line":84,"column":12}},"loc":{"start":{"line":84,"column":17},"end":{"line":84,"column":62}},"line":84},"10":{"name":"(anonymous_10)","decl":{"start":{"line":87,"column":12},"end":{"line":87,"column":13}},"loc":{"start":{"line":87,"column":18},"end":{"line":92,"column":3}},"line":87},"11":{"name":"(anonymous_11)","decl":{"start":{"line":89,"column":19},"end":{"line":89,"column":20}},"loc":{"start":{"line":89,"column":26},"end":{"line":89,"column":66}},"line":89},"12":{"name":"(anonymous_12)","decl":{"start":{"line":91,"column":11},"end":{"line":91,"column":12}},"loc":{"start":{"line":91,"column":17},"end":{"line":91,"column":64}},"line":91},"13":{"name":"(anonymous_13)","decl":{"start":{"line":114,"column":24},"end":{"line":114,"column":25}},"loc":{"start":{"line":114,"column":30},"end":{"line":114,"column":51}},"line":114},"14":{"name":"(anonymous_14)","decl":{"start":{"line":115,"column":24},"end":{"line":115,"column":25}},"loc":{"start":{"line":115,"column":30},"end":{"line":115,"column":52}},"line":115}},"branchMap":{"0":{"loc":{"start":{"line":10,"column":16},"end":{"line":10,"column":39}},"type":"binary-expr","locations":[{"start":{"line":10,"column":16},"end":{"line":10,"column":32}},{"start":{"line":10,"column":36},"end":{"line":10,"column":39}}],"line":10},"1":{"loc":{"start":{"line":11,"column":16},"end":{"line":11,"column":40}},"type":"binary-expr","locations":[{"start":{"line":11,"column":16},"end":{"line":11,"column":33}},{"start":{"line":11,"column":37},"end":{"line":11,"column":40}}],"line":11},"2":{"loc":{"start":{"line":16,"column":2},"end":{"line":36,"column":3}},"type":"if","locations":[{"start":{"line":16,"column":2},"end":{"line":36,"column":3}},{"start":{"line":23,"column":9},"end":{"line":36,"column":3}}],"line":16},"3":{"loc":{"start":{"line":20,"column":4},"end":{"line":20,"column":74}},"type":"if","locations":[{"start":{"line":20,"column":4},"end":{"line":20,"column":74}},{"start":{},"end":{}}],"line":20},"4":{"loc":{"start":{"line":25,"column":4},"end":{"line":30,"column":5}},"type":"if","locations":[{"start":{"line":25,"column":4},"end":{"line":30,"column":5}},{"start":{},"end":{}}],"line":25},"5":{"loc":{"start":{"line":27,"column":6},"end":{"line":29,"column":7}},"type":"if","locations":[{"start":{"line":27,"column":6},"end":{"line":29,"column":7}},{"start":{},"end":{}}],"line":27},"6":{"loc":{"start":{"line":32,"column":4},"end":{"line":32,"column":67}},"type":"if","locations":[{"start":{"line":32,"column":4},"end":{"line":32,"column":67}},{"start":{},"end":{}}],"line":32},"7":{"loc":{"start":{"line":33,"column":4},"end":{"line":33,"column":27}},"type":"if","locations":[{"start":{"line":33,"column":4},"end":{"line":33,"column":27}},{"start":{},"end":{}}],"line":33},"8":{"loc":{"start":{"line":42,"column":15},"end":{"line":42,"column":55}},"type":"cond-expr","locations":[{"start":{"line":42,"column":25},"end":{"line":42,"column":48}},{"start":{"line":42,"column":51},"end":{"line":42,"column":55}}],"line":42},"9":{"loc":{"start":{"line":43,"column":18},"end":{"line":43,"column":74}},"type":"binary-expr","locations":[{"start":{"line":43,"column":18},"end":{"line":43,"column":25}},{"start":{"line":43,"column":29},"end":{"line":43,"column":57}},{"start":{"line":43,"column":61},"end":{"line":43,"column":74}}],"line":43},"10":{"loc":{"start":{"line":46,"column":20},"end":{"line":46,"column":80}},"type":"cond-expr","locations":[{"start":{"line":46,"column":31},"end":{"line":46,"column":72}},{"start":{"line":46,"column":76},"end":{"line":46,"column":80}}],"line":46},"11":{"loc":{"start":{"line":46,"column":31},"end":{"line":46,"column":72}},"type":"binary-expr","locations":[{"start":{"line":46,"column":31},"end":{"line":46,"column":59}},{"start":{"line":46,"column":63},"end":{"line":46,"column":72}}],"line":46},"12":{"loc":{"start":{"line":47,"column":23},"end":{"line":47,"column":67}},"type":"cond-expr","locations":[{"start":{"line":47,"column":33},"end":{"line":47,"column":60}},{"start":{"line":47,"column":63},"end":{"line":47,"column":67}}],"line":47},"13":{"loc":{"start":{"line":48,"column":25},"end":{"line":51,"column":10}},"type":"cond-expr","locations":[{"start":{"line":48,"column":40},"end":{"line":51,"column":3}},{"start":{"line":51,"column":6},"end":{"line":51,"column":10}}],"line":48},"14":{"loc":{"start":{"line":49,"column":10},"end":{"line":49,"column":75}},"type":"cond-expr","locations":[{"start":{"line":49,"column":34},"end":{"line":49,"column":52}},{"start":{"line":49,"column":55},"end":{"line":49,"column":75}}],"line":49},"15":{"loc":{"start":{"line":50,"column":9},"end":{"line":50,"column":51}},"type":"cond-expr","locations":[{"start":{"line":50,"column":33},"end":{"line":50,"column":42}},{"start":{"line":50,"column":45},"end":{"line":50,"column":51}}],"line":50},"16":{"loc":{"start":{"line":54,"column":4},"end":{"line":60,"column":5}},"type":"if","locations":[{"start":{"line":54,"column":4},"end":{"line":60,"column":5}},{"start":{},"end":{}}],"line":54},"17":{"loc":{"start":{"line":54,"column":8},"end":{"line":54,"column":59}},"type":"binary-expr","locations":[{"start":{"line":54,"column":8},"end":{"line":54,"column":15}},{"start":{"line":54,"column":19},"end":{"line":54,"column":40}},{"start":{"line":54,"column":44},"end":{"line":54,"column":59}}],"line":54},"18":{"loc":{"start":{"line":56,"column":8},"end":{"line":58,"column":9}},"type":"if","locations":[{"start":{"line":56,"column":8},"end":{"line":58,"column":9}},{"start":{},"end":{}}],"line":56},"19":{"loc":{"start":{"line":56,"column":12},"end":{"line":56,"column":51}},"type":"binary-expr","locations":[{"start":{"line":56,"column":12},"end":{"line":56,"column":27}},{"start":{"line":56,"column":31},"end":{"line":56,"column":51}}],"line":56},"20":{"loc":{"start":{"line":64,"column":4},"end":{"line":64,"column":25}},"type":"if","locations":[{"start":{"line":64,"column":4},"end":{"line":64,"column":25}},{"start":{},"end":{}}],"line":64},"21":{"loc":{"start":{"line":66,"column":6},"end":{"line":66,"column":104}},"type":"if","locations":[{"start":{"line":66,"column":6},"end":{"line":66,"column":104}},{"start":{},"end":{}}],"line":66},"22":{"loc":{"start":{"line":66,"column":10},"end":{"line":66,"column":50}},"type":"binary-expr","locations":[{"start":{"line":66,"column":10},"end":{"line":66,"column":25}},{"start":{"line":66,"column":29},"end":{"line":66,"column":50}}],"line":66},"23":{"loc":{"start":{"line":77,"column":4},"end":{"line":77,"column":25}},"type":"if","locations":[{"start":{"line":77,"column":4},"end":{"line":77,"column":25}},{"start":{},"end":{}}],"line":77},"24":{"loc":{"start":{"line":79,"column":6},"end":{"line":81,"column":7}},"type":"if","locations":[{"start":{"line":79,"column":6},"end":{"line":81,"column":7}},{"start":{},"end":{}}],"line":79},"25":{"loc":{"start":{"line":79,"column":10},"end":{"line":79,"column":102}},"type":"binary-expr","locations":[{"start":{"line":79,"column":10},"end":{"line":79,"column":25}},{"start":{"line":79,"column":29},"end":{"line":79,"column":64}},{"start":{"line":79,"column":68},"end":{"line":79,"column":102}}],"line":79},"26":{"loc":{"start":{"line":88,"column":4},"end":{"line":88,"column":25}},"type":"if","locations":[{"start":{"line":88,"column":4},"end":{"line":88,"column":25}},{"start":{},"end":{}}],"line":88},"27":{"loc":{"start":{"line":89,"column":28},"end":{"line":89,"column":64}},"type":"if","locations":[{"start":{"line":89,"column":28},"end":{"line":89,"column":64}},{"start":{},"end":{}}],"line":89},"28":{"loc":{"start":{"line":96,"column":31},"end":{"line":96,"column":56}},"type":"cond-expr","locations":[{"start":{"line":96,"column":41},"end":{"line":96,"column":51}},{"start":{"line":96,"column":54},"end":{"line":96,"column":56}}],"line":96},"29":{"loc":{"start":{"line":107,"column":22},"end":{"line":107,"column":47}},"type":"binary-expr","locations":[{"start":{"line":107,"column":22},"end":{"line":107,"column":33}},{"start":{"line":107,"column":37},"end":{"line":107,"column":47}}],"line":107},"30":{"loc":{"start":{"line":110,"column":29},"end":{"line":110,"column":59}},"type":"cond-expr","locations":[{"start":{"line":110,"column":44},"end":{"line":110,"column":54}},{"start":{"line":110,"column":57},"end":{"line":110,"column":59}}],"line":110},"31":{"loc":{"start":{"line":122,"column":43},"end":{"line":122,"column":98}},"type":"cond-expr","locations":[{"start":{"line":122,"column":50},"end":{"line":122,"column":93}},{"start":{"line":122,"column":96},"end":{"line":122,"column":98}}],"line":122},"32":{"loc":{"start":{"line":124,"column":7},"end":{"line":130,"column":7}},"type":"binary-expr","locations":[{"start":{"line":124,"column":7},"end":{"line":124,"column":14}},{"start":{"line":125,"column":8},"end":{"line":129,"column":14}}],"line":124}},"s":{"0":1,"1":0,"2":0,"3":0,"4":0,"5":0,"6":0,"7":0,"8":0,"9":0,"10":0,"11":0,"12":0,"13":0,"14":0,"15":0,"16":0,"17":0,"18":0,"19":0,"20":0,"21":0,"22":0,"23":0,"24":0,"25":0,"26":0,"27":17,"28":17,"29":17,"30":17,"31":17,"32":17,"33":17,"34":17,"35":17,"36":12,"37":11,"38":0,"39":0,"40":17,"41":12,"42":1,"43":11,"44":0,"45":0,"46":11,"47":11,"48":11,"49":11,"50":11,"51":17,"52":12,"53":1,"54":11,"55":2,"56":1,"57":11,"58":11,"59":11,"60":17,"61":12,"62":1,"63":11,"64":1,"65":1,"66":11,"67":11,"68":11,"69":17,"70":3,"71":1},"f":{"0":0,"1":17,"2":12,"3":0,"4":12,"5":0,"6":11,"7":12,"8":2,"9":11,"10":12,"11":1,"12":11,"13":3,"14":1},"b":{"0":[0,0],"1":[0,0],"2":[0,0],"3":[0,0],"4":[0,0],"5":[0,0],"6":[0,0],"7":[0,0],"8":[16,1],"9":[17,16,1],"10":[16,1],"11":[16,16],"12":[16,1],"13":[16,1],"14":[0,16],"15":[0,16],"16":[11,1],"17":[12,11,11],"18":[0,0],"19":[0,0],"20":[1,11],"21":[0,0],"22":[0,0],"23":[1,11],"24":[1,1],"25":[2,2,1],"26":[1,11],"27":[1,0],"28":[16,1],"29":[17,1],"30":[3,14],"31":[16,1],"32":[17,0]},"_coverageSchema":"1a1c01bbd47fc00a2c39e90264f33305004495a9","hash":"ff746839a2ce1098ba23eedf8527d623644c1246"}
,"/Users/michaellongerich/Documents/1.Projects/Code/portfolio/src/components/Header/Header.jsx": {"path":"/Users/michaellongerich/Documents/1.Projects/Code/portfolio/src/components/Header/Header.jsx","statementMap":{"0":{"start":{"line":7,"column":2},"end":{"line":11,"column":4}},"1":{"start":{"line":15,"column":2},"end":{"line":25,"column":4}},"2":{"start":{"line":29,"column":26},"end":{"line":29,"column":36}},"3":{"start":{"line":30,"column":19},"end":{"line":30,"column":36}},"4":{"start":{"line":31,"column":44},"end":{"line":31,"column":59}},"5":{"start":{"line":32,"column":40},"end":{"line":32,"column":55}},"6":{"start":{"line":34,"column":2},"end":{"line":44,"column":9}},"7":{"start":{"line":35,"column":21},"end":{"line":40,"column":5}},"8":{"start":{"line":36,"column":22},"end":{"line":36,"column":74}},"9":{"start":{"line":37,"column":6},"end":{"line":39,"column":7}},"10":{"start":{"line":38,"column":8},"end":{"line":38,"column":68}},"11":{"start":{"line":41,"column":4},"end":{"line":41,"column":67}},"12":{"start":{"line":42,"column":4},"end":{"line":42,"column":15}},"13":{"start":{"line":43,"column":4},"end":{"line":43,"column":64}},"14":{"start":{"line":43,"column":17},"end":{"line":43,"column":63}},"15":{"start":{"line":46,"column":2},"end":{"line":76,"column":4}},"16":{"start":{"line":53,"column":26},"end":{"line":53,"column":45}},"17":{"start":{"line":53,"column":46},"end":{"line":53,"column":94}},"18":{"start":{"line":68,"column":28},"end":{"line":68,"column":50}},"19":{"start":{"line":69,"column":28},"end":{"line":69,"column":51}},"20":{"start":{"line":80,"column":32},"end":{"line":80,"column":47}},"21":{"start":{"line":81,"column":2},"end":{"line":90,"column":4}},"22":{"start":{"line":85,"column":26},"end":{"line":85,"column":42}},"23":{"start":{"line":86,"column":26},"end":{"line":86,"column":43}}},"fnMap":{"0":{"name":"MoonIcon","decl":{"start":{"line":6,"column":9},"end":{"line":6,"column":17}},"loc":{"start":{"line":6,"column":20},"end":{"line":12,"column":1}},"line":6},"1":{"name":"SunIcon","decl":{"start":{"line":14,"column":9},"end":{"line":14,"column":16}},"loc":{"start":{"line":14,"column":19},"end":{"line":26,"column":1}},"line":14},"2":{"name":"Header","decl":{"start":{"line":28,"column":16},"end":{"line":28,"column":22}},"loc":{"start":{"line":28,"column":25},"end":{"line":77,"column":1}},"line":28},"3":{"name":"(anonymous_3)","decl":{"start":{"line":34,"column":12},"end":{"line":34,"column":13}},"loc":{"start":{"line":34,"column":18},"end":{"line":44,"column":3}},"line":34},"4":{"name":"(anonymous_4)","decl":{"start":{"line":35,"column":21},"end":{"line":35,"column":22}},"loc":{"start":{"line":35,"column":27},"end":{"line":40,"column":5}},"line":35},"5":{"name":"(anonymous_5)","decl":{"start":{"line":43,"column":11},"end":{"line":43,"column":12}},"loc":{"start":{"line":43,"column":17},"end":{"line":43,"column":63}},"line":43},"6":{"name":"(anonymous_6)","decl":{"start":{"line":53,"column":17},"end":{"line":53,"column":18}},"loc":{"start":{"line":53,"column":24},"end":{"line":53,"column":96}},"line":53},"7":{"name":"(anonymous_7)","decl":{"start":{"line":68,"column":22},"end":{"line":68,"column":23}},"loc":{"start":{"line":68,"column":28},"end":{"line":68,"column":50}},"line":68},"8":{"name":"(anonymous_8)","decl":{"start":{"line":69,"column":22},"end":{"line":69,"column":23}},"loc":{"start":{"line":69,"column":28},"end":{"line":69,"column":51}},"line":69},"9":{"name":"NavLink","decl":{"start":{"line":79,"column":9},"end":{"line":79,"column":16}},"loc":{"start":{"line":79,"column":37},"end":{"line":91,"column":1}},"line":79},"10":{"name":"(anonymous_10)","decl":{"start":{"line":85,"column":20},"end":{"line":85,"column":21}},"loc":{"start":{"line":85,"column":26},"end":{"line":85,"column":42}},"line":85},"11":{"name":"(anonymous_11)","decl":{"start":{"line":86,"column":20},"end":{"line":86,"column":21}},"loc":{"start":{"line":86,"column":26},"end":{"line":86,"column":43}},"line":86}},"branchMap":{"0":{"loc":{"start":{"line":37,"column":6},"end":{"line":39,"column":7}},"type":"if","locations":[{"start":{"line":37,"column":6},"end":{"line":39,"column":7}},{"start":{},"end":{}}],"line":37},"1":{"loc":{"start":{"line":47,"column":30},"end":{"line":47,"column":57}},"type":"cond-expr","locations":[{"start":{"line":47,"column":41},"end":{"line":47,"column":52}},{"start":{"line":47,"column":55},"end":{"line":47,"column":57}}],"line":47},"2":{"loc":{"start":{"line":58,"column":32},"end":{"line":58,"column":61}},"type":"cond-expr","locations":[{"start":{"line":58,"column":46},"end":{"line":58,"column":56}},{"start":{"line":58,"column":59},"end":{"line":58,"column":61}}],"line":58},"3":{"loc":{"start":{"line":64,"column":34},"end":{"line":64,"column":65}},"type":"cond-expr","locations":[{"start":{"line":64,"column":50},"end":{"line":64,"column":60}},{"start":{"line":64,"column":63},"end":{"line":64,"column":65}}],"line":64},"4":{"loc":{"start":{"line":84,"column":17},"end":{"line":84,"column":48}},"type":"cond-expr","locations":[{"start":{"line":84,"column":27},"end":{"line":84,"column":36}},{"start":{"line":84,"column":39},"end":{"line":84,"column":48}}],"line":84}},"s":{"0":15,"1":15,"2":15,"3":15,"4":15,"5":15,"6":15,"7":10,"8":11,"9":11,"10":0,"11":10,"12":10,"13":10,"14":10,"15":15,"16":0,"17":0,"18":2,"19":0,"20":50,"21":50,"22":3,"23":1},"f":{"0":15,"1":15,"2":15,"3":10,"4":11,"5":10,"6":0,"7":2,"8":0,"9":50,"10":3,"11":1},"b":{"0":[0,11],"1":[1,14],"2":[0,15],"3":[2,13],"4":[3,47]},"_coverageSchema":"1a1c01bbd47fc00a2c39e90264f33305004495a9","hash":"300fad431f290a3f9c961ee7918992f5125b89d5"}
,"/Users/michaellongerich/Documents/1.Projects/Code/portfolio/src/data/diagramData.js": {"path":"/Users/michaellongerich/Documents/1.Projects/Code/portfolio/src/data/diagramData.js","statementMap":{"0":{"start":{"line":1,"column":28},"end":{"line":22,"column":1}},"1":{"start":{"line":24,"column":31},"end":{"line":35,"column":1}},"2":{"start":{"line":37,"column":26},"end":{"line":39,"column":2}},"3":{"start":{"line":41,"column":30},"end":{"line":41,"column":33}},"4":{"start":{"line":43,"column":21},"end":{"line":43,"column":78}},"5":{"start":{"line":45,"column":29},"end":{"line":55,"column":1}}},"fnMap":{},"branchMap":{},"s":{"0":2,"1":2,"2":2,"3":2,"4":2,"5":2},"f":{},"b":{},"_coverageSchema":"1a1c01bbd47fc00a2c39e90264f33305004495a9","hash":"19bc1cbb0071bf1e9176c9146cdee1353f9ddcba"}
,"/Users/michaellongerich/Documents/1.Projects/Code/portfolio/src/data/nodeData.js": {"path":"/Users/michaellongerich/Documents/1.Projects/Code/portfolio/src/data/nodeData.js","statementMap":{"0":{"start":{"line":1,"column":25},"end":{"line":122,"column":1}},"1":{"start":{"line":124,"column":26},"end":{"line":124,"column":63}},"2":{"start":{"line":127,"column":2},"end":{"line":127,"column":124}},"3":{"start":{"line":127,"column":47},"end":{"line":127,"column":121}},"4":{"start":{"line":131,"column":13},"end":{"line":131,"column":15}},"5":{"start":{"line":132,"column":2},"end":{"line":147,"column":3}},"6":{"start":{"line":133,"column":17},"end":{"line":133,"column":24}},"7":{"start":{"line":134,"column":4},"end":{"line":134,"column":53}},"8":{"start":{"line":134,"column":28},"end":{"line":134,"column":41}},"9":{"start":{"line":134,"column":42},"end":{"line":134,"column":51}},"10":{"start":{"line":135,"column":4},"end":{"line":135,"column":104}},"11":{"start":{"line":135,"column":29},"end":{"line":135,"column":92}},"12":{"start":{"line":135,"column":93},"end":{"line":135,"column":102}},"13":{"start":{"line":136,"column":4},"end":{"line":136,"column":73}},"14":{"start":{"line":136,"column":26},"end":{"line":136,"column":61}},"15":{"start":{"line":136,"column":62},"end":{"line":136,"column":71}},"16":{"start":{"line":137,"column":4},"end":{"line":146,"column":5}},"17":{"start":{"line":138,"column":18},"end":{"line":138,"column":40}},"18":{"start":{"line":139,"column":16},"end":{"line":139,"column":23}},"19":{"start":{"line":140,"column":16},"end":{"line":140,"column":29}},"20":{"start":{"line":141,"column":6},"end":{"line":144,"column":7}},"21":{"start":{"line":142,"column":8},"end":{"line":142,"column":34}},"22":{"start":{"line":143,"column":8},"end":{"line":143,"column":33}},"23":{"start":{"line":145,"column":6},"end":{"line":145,"column":110}},"24":{"start":{"line":148,"column":2},"end":{"line":148,"column":14}}},"fnMap":{"0":{"name":"escapeHtml","decl":{"start":{"line":126,"column":16},"end":{"line":126,"column":26}},"loc":{"start":{"line":126,"column":30},"end":{"line":128,"column":1}},"line":126},"1":{"name":"(anonymous_1)","decl":{"start":{"line":127,"column":39},"end":{"line":127,"column":40}},"loc":{"start":{"line":127,"column":47},"end":{"line":127,"column":121}},"line":127},"2":{"name":"renderNodeLines","decl":{"start":{"line":130,"column":16},"end":{"line":130,"column":31}},"loc":{"start":{"line":130,"column":62},"end":{"line":149,"column":1}},"line":130}},"branchMap":{"0":{"loc":{"start":{"line":130,"column":39},"end":{"line":130,"column":60}},"type":"default-arg","locations":[{"start":{"line":130,"column":56},"end":{"line":130,"column":60}}],"line":130},"1":{"loc":{"start":{"line":134,"column":4},"end":{"line":134,"column":53}},"type":"if","locations":[{"start":{"line":134,"column":4},"end":{"line":134,"column":53}},{"start":{},"end":{}}],"line":134},"2":{"loc":{"start":{"line":135,"column":4},"end":{"line":135,"column":104}},"type":"if","locations":[{"start":{"line":135,"column":4},"end":{"line":135,"column":104}},{"start":{},"end":{}}],"line":135},"3":{"loc":{"start":{"line":136,"column":4},"end":{"line":136,"column":73}},"type":"if","locations":[{"start":{"line":136,"column":4},"end":{"line":136,"column":73}},{"start":{},"end":{}}],"line":136},"4":{"loc":{"start":{"line":137,"column":4},"end":{"line":146,"column":5}},"type":"if","locations":[{"start":{"line":137,"column":4},"end":{"line":146,"column":5}},{"start":{},"end":{}}],"line":137},"5":{"loc":{"start":{"line":140,"column":16},"end":{"line":140,"column":29}},"type":"binary-expr","locations":[{"start":{"line":140,"column":16},"end":{"line":140,"column":23}},{"start":{"line":140,"column":27},"end":{"line":140,"column":29}}],"line":140},"6":{"loc":{"start":{"line":141,"column":6},"end":{"line":144,"column":7}},"type":"if","locations":[{"start":{"line":141,"column":6},"end":{"line":144,"column":7}},{"start":{},"end":{}}],"line":141},"7":{"loc":{"start":{"line":141,"column":10},"end":{"line":141,"column":48}},"type":"binary-expr","locations":[{"start":{"line":141,"column":10},"end":{"line":141,"column":24}},{"start":{"line":141,"column":28},"end":{"line":141,"column":48}}],"line":141}},"s":{"0":1,"1":1,"2":203,"3":3,"4":16,"5":16,"6":132,"7":132,"8":16,"9":16,"10":116,"11":16,"12":16,"13":100,"14":13,"15":13,"16":87,"17":87,"18":87,"19":87,"20":87,"21":16,"22":16,"23":87,"24":16},"f":{"0":203,"1":3,"2":16},"b":{"0":[0],"1":[16,116],"2":[16,100],"3":[13,87],"4":[87,0],"5":[87,72],"6":[16,71],"7":[87,87]},"_coverageSchema":"1a1c01bbd47fc00a2c39e90264f33305004495a9","hash":"ba62980bfa972bd0137d1b0dd4d820d30680b40c"}
,"/Users/michaellongerich/Documents/1.Projects/Code/portfolio/src/hooks/useHoverState.js": {"path":"/Users/michaellongerich/Documents/1.Projects/Code/portfolio/src/hooks/useHoverState.js","statementMap":{"0":{"start":{"line":4,"column":32},"end":{"line":4,"column":49}},"1":{"start":{"line":5,"column":2},"end":{"line":9,"column":9}},"2":{"start":{"line":6,"column":18},"end":{"line":6,"column":41}},"3":{"start":{"line":6,"column":24},"end":{"line":6,"column":41}},"4":{"start":{"line":7,"column":4},"end":{"line":7,"column":58}},"5":{"start":{"line":8,"column":4},"end":{"line":8,"column":74}},"6":{"start":{"line":8,"column":17},"end":{"line":8,"column":73}},"7":{"start":{"line":10,"column":2},"end":{"line":10,"column":31}}},"fnMap":{"0":{"name":"useHoverState","decl":{"start":{"line":3,"column":16},"end":{"line":3,"column":29}},"loc":{"start":{"line":3,"column":47},"end":{"line":11,"column":1}},"line":3},"1":{"name":"(anonymous_1)","decl":{"start":{"line":5,"column":12},"end":{"line":5,"column":13}},"loc":{"start":{"line":5,"column":18},"end":{"line":9,"column":3}},"line":5},"2":{"name":"(anonymous_2)","decl":{"start":{"line":6,"column":18},"end":{"line":6,"column":19}},"loc":{"start":{"line":6,"column":24},"end":{"line":6,"column":41}},"line":6},"3":{"name":"(anonymous_3)","decl":{"start":{"line":8,"column":11},"end":{"line":8,"column":12}},"loc":{"start":{"line":8,"column":17},"end":{"line":8,"column":73}},"line":8}},"branchMap":{"0":{"loc":{"start":{"line":3,"column":30},"end":{"line":3,"column":45}},"type":"default-arg","locations":[{"start":{"line":3,"column":40},"end":{"line":3,"column":45}}],"line":3}},"s":{"0":107,"1":107,"2":67,"3":11,"4":67,"5":67,"6":67,"7":107},"f":{"0":107,"1":67,"2":11,"3":67},"b":{"0":[104]},"_coverageSchema":"1a1c01bbd47fc00a2c39e90264f33305004495a9","hash":"3c5066b605b059e61211ee54ea2cf0a2da476eb5"}
,"/Users/michaellongerich/Documents/1.Projects/Code/portfolio/src/hooks/useNodeCard.js": {"path":"/Users/michaellongerich/Documents/1.Projects/Code/portfolio/src/hooks/useNodeCard.js","statementMap":{"0":{"start":{"line":4,"column":42},"end":{"line":4,"column":56}},"1":{"start":{"line":5,"column":42},"end":{"line":5,"column":56}},"2":{"start":{"line":6,"column":26},"end":{"line":6,"column":38}},"3":{"start":{"line":8,"column":20},"end":{"line":8,"column":32}},"4":{"start":{"line":9,"column":23},"end":{"line":9,"column":35}},"5":{"start":{"line":12,"column":4},"end":{"line":12,"column":39}},"6":{"start":{"line":13,"column":4},"end":{"line":13,"column":32}},"7":{"start":{"line":14,"column":4},"end":{"line":14,"column":37}},"8":{"start":{"line":15,"column":4},"end":{"line":15,"column":28}},"9":{"start":{"line":19,"column":4},"end":{"line":19,"column":34}},"10":{"start":{"line":19,"column":27},"end":{"line":19,"column":34}},"11":{"start":{"line":20,"column":4},"end":{"line":30,"column":11}},"12":{"start":{"line":21,"column":6},"end":{"line":21,"column":34}},"13":{"start":{"line":22,"column":6},"end":{"line":22,"column":36}},"14":{"start":{"line":22,"column":29},"end":{"line":22,"column":36}},"15":{"start":{"line":23,"column":6},"end":{"line":29,"column":9}},"16":{"start":{"line":24,"column":8},"end":{"line":27,"column":9}},"17":{"start":{"line":25,"column":10},"end":{"line":25,"column":41}},"18":{"start":{"line":26,"column":10},"end":{"line":26,"column":22}},"19":{"start":{"line":28,"column":8},"end":{"line":28,"column":20}},"20":{"start":{"line":34,"column":4},"end":{"line":34,"column":39}},"21":{"start":{"line":35,"column":4},"end":{"line":35,"column":32}},"22":{"start":{"line":36,"column":4},"end":{"line":46,"column":5}},"23":{"start":{"line":37,"column":6},"end":{"line":37,"column":31}},"24":{"start":{"line":38,"column":6},"end":{"line":38,"column":28}},"25":{"start":{"line":39,"column":6},"end":{"line":39,"column":28}},"26":{"start":{"line":40,"column":6},"end":{"line":40,"column":37}},"27":{"start":{"line":42,"column":6},"end":{"line":42,"column":33}},"28":{"start":{"line":43,"column":6},"end":{"line":43,"column":30}},"29":{"start":{"line":44,"column":6},"end":{"line":44,"column":39}},"30":{"start":{"line":45,"column":6},"end":{"line":45,"column":30}},"31":{"start":{"line":50,"column":4},"end":{"line":50,"column":39}},"32":{"start":{"line":51,"column":4},"end":{"line":51,"column":32}},"33":{"start":{"line":52,"column":4},"end":{"line":52,"column":29}},"34":{"start":{"line":53,"column":4},"end":{"line":53,"column":26}},"35":{"start":{"line":54,"column":4},"end":{"line":54,"column":26}},"36":{"start":{"line":55,"column":4},"end":{"line":55,"column":35}},"37":{"start":{"line":58,"column":2},"end":{"line":63,"column":4}}},"fnMap":{"0":{"name":"useNodeCard","decl":{"start":{"line":3,"column":16},"end":{"line":3,"column":27}},"loc":{"start":{"line":3,"column":30},"end":{"line":64,"column":1}},"line":3},"1":{"name":"showCard","decl":{"start":{"line":11,"column":11},"end":{"line":11,"column":19}},"loc":{"start":{"line":11,"column":36},"end":{"line":16,"column":3}},"line":11},"2":{"name":"hideCard","decl":{"start":{"line":18,"column":11},"end":{"line":18,"column":19}},"loc":{"start":{"line":18,"column":28},"end":{"line":31,"column":3}},"line":18},"3":{"name":"(anonymous_3)","decl":{"start":{"line":20,"column":38},"end":{"line":20,"column":39}},"loc":{"start":{"line":20,"column":44},"end":{"line":30,"column":5}},"line":20},"4":{"name":"(anonymous_4)","decl":{"start":{"line":23,"column":22},"end":{"line":23,"column":23}},"loc":{"start":{"line":23,"column":32},"end":{"line":29,"column":7}},"line":23},"5":{"name":"pinCard","decl":{"start":{"line":33,"column":11},"end":{"line":33,"column":18}},"loc":{"start":{"line":33,"column":35},"end":{"line":47,"column":3}},"line":33},"6":{"name":"dismissCard","decl":{"start":{"line":49,"column":11},"end":{"line":49,"column":22}},"loc":{"start":{"line":49,"column":25},"end":{"line":56,"column":3}},"line":49}},"branchMap":{"0":{"loc":{"start":{"line":19,"column":4},"end":{"line":19,"column":34}},"type":"if","locations":[{"start":{"line":19,"column":4},"end":{"line":19,"column":34}},{"start":{},"end":{}}],"line":19},"1":{"loc":{"start":{"line":22,"column":6},"end":{"line":22,"column":36}},"type":"if","locations":[{"start":{"line":22,"column":6},"end":{"line":22,"column":36}},{"start":{},"end":{}}],"line":22},"2":{"loc":{"start":{"line":24,"column":8},"end":{"line":27,"column":9}},"type":"if","locations":[{"start":{"line":24,"column":8},"end":{"line":27,"column":9}},{"start":{},"end":{}}],"line":24},"3":{"loc":{"start":{"line":36,"column":4},"end":{"line":46,"column":5}},"type":"if","locations":[{"start":{"line":36,"column":4},"end":{"line":46,"column":5}},{"start":{"line":41,"column":11},"end":{"line":46,"column":5}}],"line":36}},"s":{"0":26,"1":26,"2":26,"3":26,"4":26,"5":7,"6":7,"7":7,"8":7,"9":4,"10":1,"11":3,"12":2,"13":2,"14":0,"15":2,"16":2,"17":1,"18":1,"19":1,"20":6,"21":6,"22":6,"23":1,"24":1,"25":1,"26":1,"27":5,"28":5,"29":5,"30":5,"31":1,"32":1,"33":1,"34":1,"35":1,"36":1,"37":26},"f":{"0":26,"1":7,"2":4,"3":2,"4":2,"5":6,"6":1},"b":{"0":[1,3],"1":[0,2],"2":[1,1],"3":[1,5]},"_coverageSchema":"1a1c01bbd47fc00a2c39e90264f33305004495a9","hash":"dfad4513ff364301131ba5d16a7a17f35aec6138"}
,"/Users/michaellongerich/Documents/1.Projects/Code/portfolio/src/hooks/useProvisioning.js": {"path":"/Users/michaellongerich/Documents/1.Projects/Code/portfolio/src/hooks/useProvisioning.js","statementMap":{"0":{"start":{"line":7,"column":2},"end":{"line":7,"column":71}},"1":{"start":{"line":11,"column":14},"end":{"line":11,"column":30}},"2":{"start":{"line":12,"column":2},"end":{"line":15,"column":15}},"3":{"start":{"line":13,"column":14},"end":{"line":13,"column":40}},"4":{"start":{"line":14,"column":4},"end":{"line":14,"column":39}},"5":{"start":{"line":19,"column":13},"end":{"line":19,"column":35}},"6":{"start":{"line":20,"column":2},"end":{"line":20,"column":24}},"7":{"start":{"line":20,"column":11},"end":{"line":20,"column":24}},"8":{"start":{"line":21,"column":12},"end":{"line":21,"column":38}},"9":{"start":{"line":22,"column":13},"end":{"line":22,"column":31}},"10":{"start":{"line":23,"column":2},"end":{"line":23,"column":52}},"11":{"start":{"line":23,"column":27},"end":{"line":23,"column":52}},"12":{"start":{"line":24,"column":2},"end":{"line":24,"column":29}},"13":{"start":{"line":28,"column":22},"end":{"line":28,"column":39}},"14":{"start":{"line":29,"column":28},"end":{"line":29,"column":45}},"15":{"start":{"line":30,"column":21},"end":{"line":30,"column":31}},"16":{"start":{"line":31,"column":24},"end":{"line":31,"column":41}},"17":{"start":{"line":32,"column":22},"end":{"line":32,"column":35}},"18":{"start":{"line":34,"column":34},"end":{"line":34,"column":53}},"19":{"start":{"line":35,"column":46},"end":{"line":35,"column":65}},"20":{"start":{"line":36,"column":42},"end":{"line":36,"column":54}},"21":{"start":{"line":37,"column":44},"end":{"line":37,"column":55}},"22":{"start":{"line":39,"column":20},"end":{"line":61,"column":8}},"23":{"start":{"line":40,"column":4},"end":{"line":40,"column":45}},"24":{"start":{"line":40,"column":38},"end":{"line":40,"column":45}},"25":{"start":{"line":41,"column":4},"end":{"line":41,"column":33}},"26":{"start":{"line":42,"column":4},"end":{"line":42,"column":46}},"27":{"start":{"line":43,"column":4},"end":{"line":43,"column":80}},"28":{"start":{"line":45,"column":4},"end":{"line":51,"column":5}},"29":{"start":{"line":46,"column":21},"end":{"line":46,"column":33}},"30":{"start":{"line":47,"column":20},"end":{"line":47,"column":47}},"31":{"start":{"line":48,"column":6},"end":{"line":50,"column":16}},"32":{"start":{"line":49,"column":8},"end":{"line":49,"column":68}},"33":{"start":{"line":49,"column":35},"end":{"line":49,"column":65}},"34":{"start":{"line":53,"column":4},"end":{"line":60,"column":5}},"35":{"start":{"line":54,"column":6},"end":{"line":54,"column":57}},"36":{"start":{"line":54,"column":48},"end":{"line":54,"column":57}},"37":{"start":{"line":55,"column":6},"end":{"line":59,"column":7}},"38":{"start":{"line":56,"column":8},"end":{"line":56,"column":45}},"39":{"start":{"line":57,"column":8},"end":{"line":57,"column":62}},"40":{"start":{"line":58,"column":8},"end":{"line":58,"column":84}},"41":{"start":{"line":63,"column":16},"end":{"line":74,"column":17}},"42":{"start":{"line":64,"column":4},"end":{"line":64,"column":36}},"43":{"start":{"line":64,"column":29},"end":{"line":64,"column":36}},"44":{"start":{"line":65,"column":4},"end":{"line":65,"column":31}},"45":{"start":{"line":66,"column":17},"end":{"line":72,"column":5}},"46":{"start":{"line":67,"column":19},"end":{"line":67,"column":45}},"47":{"start":{"line":68,"column":6},"end":{"line":68,"column":57}},"48":{"start":{"line":68,"column":19},"end":{"line":68,"column":47}},"49":{"start":{"line":68,"column":48},"end":{"line":68,"column":55}},"50":{"start":{"line":69,"column":6},"end":{"line":69,"column":41}},"51":{"start":{"line":70,"column":6},"end":{"line":70,"column":22}},"52":{"start":{"line":71,"column":6},"end":{"line":71,"column":39}},"53":{"start":{"line":73,"column":4},"end":{"line":73,"column":11}},"54":{"start":{"line":76,"column":26},"end":{"line":87,"column":13}},"55":{"start":{"line":77,"column":4},"end":{"line":85,"column":5}},"56":{"start":{"line":78,"column":6},"end":{"line":78,"column":83}},"57":{"start":{"line":78,"column":74},"end":{"line":78,"column":83}},"58":{"start":{"line":79,"column":6},"end":{"line":84,"column":7}},"59":{"start":{"line":80,"column":8},"end":{"line":80,"column":37}},"60":{"start":{"line":81,"column":8},"end":{"line":81,"column":39}},"61":{"start":{"line":83,"column":8},"end":{"line":83,"column":14}},"62":{"start":{"line":86,"column":4},"end":{"line":86,"column":12}},"63":{"start":{"line":89,"column":2},"end":{"line":114,"column":35}},"64":{"start":{"line":90,"column":25},"end":{"line":90,"column":86}},"65":{"start":{"line":91,"column":4},"end":{"line":94,"column":5}},"66":{"start":{"line":92,"column":6},"end":{"line":92,"column":38}},"67":{"start":{"line":93,"column":6},"end":{"line":93,"column":13}},"68":{"start":{"line":96,"column":20},"end":{"line":96,"column":25}},"69":{"start":{"line":97,"column":21},"end":{"line":104,"column":5}},"70":{"start":{"line":98,"column":6},"end":{"line":98,"column":28}},"71":{"start":{"line":98,"column":21},"end":{"line":98,"column":28}},"72":{"start":{"line":99,"column":6},"end":{"line":99,"column":23}},"73":{"start":{"line":100,"column":6},"end":{"line":103,"column":9}},"74":{"start":{"line":101,"column":8},"end":{"line":101,"column":26}},"75":{"start":{"line":102,"column":8},"end":{"line":102,"column":26}},"76":{"start":{"line":106,"column":4},"end":{"line":106,"column":67}},"77":{"start":{"line":107,"column":4},"end":{"line":107,"column":67}},"78":{"start":{"line":108,"column":4},"end":{"line":108,"column":15}},"79":{"start":{"line":110,"column":4},"end":{"line":113,"column":6}},"80":{"start":{"line":111,"column":6},"end":{"line":111,"column":53}},"81":{"start":{"line":112,"column":6},"end":{"line":112,"column":53}},"82":{"start":{"line":116,"column":2},"end":{"line":122,"column":9}},"83":{"start":{"line":117,"column":4},"end":{"line":121,"column":7}},"84":{"start":{"line":118,"column":16},"end":{"line":118,"column":19}},"85":{"start":{"line":119,"column":6},"end":{"line":119,"column":76}},"86":{"start":{"line":119,"column":12},"end":{"line":119,"column":61}},"87":{"start":{"line":119,"column":35},"end":{"line":119,"column":61}},"88":{"start":{"line":120,"column":6},"end":{"line":120,"column":52}},"89":{"start":{"line":124,"column":19},"end":{"line":124,"column":60}},"90":{"start":{"line":126,"column":4},"end":{"line":128,"column":91}},"91":{"start":{"line":130,"column":2},"end":{"line":130,"column":77}}},"fnMap":{"0":{"name":"elementsFor","decl":{"start":{"line":6,"column":9},"end":{"line":6,"column":20}},"loc":{"start":{"line":6,"column":26},"end":{"line":8,"column":1}},"line":6},"1":{"name":"visibleElementFor","decl":{"start":{"line":10,"column":9},"end":{"line":10,"column":26}},"loc":{"start":{"line":10,"column":32},"end":{"line":16,"column":1}},"line":10},"2":{"name":"(anonymous_2)","decl":{"start":{"line":12,"column":18},"end":{"line":12,"column":19}},"loc":{"start":{"line":12,"column":26},"end":{"line":15,"column":3}},"line":12},"3":{"name":"shouldReveal","decl":{"start":{"line":18,"column":9},"end":{"line":18,"column":21}},"loc":{"start":{"line":18,"column":27},"end":{"line":25,"column":1}},"line":18},"4":{"name":"useProvisioning","decl":{"start":{"line":27,"column":16},"end":{"line":27,"column":31}},"loc":{"start":{"line":27,"column":34},"end":{"line":131,"column":1}},"line":27},"5":{"name":"(anonymous_5)","decl":{"start":{"line":39,"column":32},"end":{"line":39,"column":33}},"loc":{"start":{"line":39,"column":41},"end":{"line":61,"column":3}},"line":39},"6":{"name":"(anonymous_6)","decl":{"start":{"line":48,"column":17},"end":{"line":48,"column":18}},"loc":{"start":{"line":48,"column":23},"end":{"line":50,"column":7}},"line":48},"7":{"name":"(anonymous_7)","decl":{"start":{"line":49,"column":24},"end":{"line":49,"column":25}},"loc":{"start":{"line":49,"column":35},"end":{"line":49,"column":65}},"line":49},"8":{"name":"(anonymous_8)","decl":{"start":{"line":63,"column":28},"end":{"line":63,"column":29}},"loc":{"start":{"line":63,"column":34},"end":{"line":74,"column":3}},"line":63},"9":{"name":"(anonymous_9)","decl":{"start":{"line":66,"column":17},"end":{"line":66,"column":18}},"loc":{"start":{"line":66,"column":23},"end":{"line":72,"column":5}},"line":66},"10":{"name":"(anonymous_10)","decl":{"start":{"line":76,"column":38},"end":{"line":76,"column":39}},"loc":{"start":{"line":76,"column":44},"end":{"line":87,"column":3}},"line":76},"11":{"name":"(anonymous_11)","decl":{"start":{"line":89,"column":12},"end":{"line":89,"column":13}},"loc":{"start":{"line":89,"column":18},"end":{"line":114,"column":3}},"line":89},"12":{"name":"(anonymous_12)","decl":{"start":{"line":97,"column":21},"end":{"line":97,"column":22}},"loc":{"start":{"line":97,"column":27},"end":{"line":104,"column":5}},"line":97},"13":{"name":"(anonymous_13)","decl":{"start":{"line":100,"column":28},"end":{"line":100,"column":29}},"loc":{"start":{"line":100,"column":34},"end":{"line":103,"column":7}},"line":100},"14":{"name":"(anonymous_14)","decl":{"start":{"line":110,"column":11},"end":{"line":110,"column":12}},"loc":{"start":{"line":110,"column":17},"end":{"line":113,"column":5}},"line":110},"15":{"name":"(anonymous_15)","decl":{"start":{"line":116,"column":12},"end":{"line":116,"column":13}},"loc":{"start":{"line":116,"column":18},"end":{"line":122,"column":3}},"line":116},"16":{"name":"(anonymous_16)","decl":{"start":{"line":117,"column":65},"end":{"line":117,"column":66}},"loc":{"start":{"line":117,"column":73},"end":{"line":121,"column":5}},"line":117}},"branchMap":{"0":{"loc":{"start":{"line":12,"column":9},"end":{"line":15,"column":14}},"type":"binary-expr","locations":[{"start":{"line":12,"column":9},"end":{"line":15,"column":4}},{"start":{"line":15,"column":8},"end":{"line":15,"column":14}}],"line":12},"1":{"loc":{"start":{"line":14,"column":11},"end":{"line":14,"column":38}},"type":"binary-expr","locations":[{"start":{"line":14,"column":11},"end":{"line":14,"column":22}},{"start":{"line":14,"column":26},"end":{"line":14,"column":38}}],"line":14},"2":{"loc":{"start":{"line":20,"column":2},"end":{"line":20,"column":24}},"type":"if","locations":[{"start":{"line":20,"column":2},"end":{"line":20,"column":24}},{"start":{},"end":{}}],"line":20},"3":{"loc":{"start":{"line":23,"column":2},"end":{"line":23,"column":52}},"type":"if","locations":[{"start":{"line":23,"column":2},"end":{"line":23,"column":52}},{"start":{},"end":{}}],"line":23},"4":{"loc":{"start":{"line":40,"column":4},"end":{"line":40,"column":45}},"type":"if","locations":[{"start":{"line":40,"column":4},"end":{"line":40,"column":45}},{"start":{},"end":{}}],"line":40},"5":{"loc":{"start":{"line":45,"column":4},"end":{"line":51,"column":5}},"type":"if","locations":[{"start":{"line":45,"column":4},"end":{"line":51,"column":5}},{"start":{},"end":{}}],"line":45},"6":{"loc":{"start":{"line":54,"column":6},"end":{"line":54,"column":57}},"type":"if","locations":[{"start":{"line":54,"column":6},"end":{"line":54,"column":57}},{"start":{},"end":{}}],"line":54},"7":{"loc":{"start":{"line":55,"column":6},"end":{"line":59,"column":7}},"type":"if","locations":[{"start":{"line":55,"column":6},"end":{"line":59,"column":7}},{"start":{},"end":{}}],"line":55},"8":{"loc":{"start":{"line":55,"column":10},"end":{"line":55,"column":66}},"type":"binary-expr","locations":[{"start":{"line":55,"column":10},"end":{"line":55,"column":36}},{"start":{"line":55,"column":40},"end":{"line":55,"column":66}}],"line":55},"9":{"loc":{"start":{"line":64,"column":4},"end":{"line":64,"column":36}},"type":"if","locations":[{"start":{"line":64,"column":4},"end":{"line":64,"column":36}},{"start":{},"end":{}}],"line":64},"10":{"loc":{"start":{"line":68,"column":6},"end":{"line":68,"column":57}},"type":"if","locations":[{"start":{"line":68,"column":6},"end":{"line":68,"column":57}},{"start":{},"end":{}}],"line":68},"11":{"loc":{"start":{"line":78,"column":6},"end":{"line":78,"column":83}},"type":"if","locations":[{"start":{"line":78,"column":6},"end":{"line":78,"column":83}},{"start":{},"end":{}}],"line":78},"12":{"loc":{"start":{"line":78,"column":10},"end":{"line":78,"column":72}},"type":"binary-expr","locations":[{"start":{"line":78,"column":10},"end":{"line":78,"column":38}},{"start":{"line":78,"column":42},"end":{"line":78,"column":72}}],"line":78},"13":{"loc":{"start":{"line":79,"column":6},"end":{"line":84,"column":7}},"type":"if","locations":[{"start":{"line":79,"column":6},"end":{"line":84,"column":7}},{"start":{"line":82,"column":13},"end":{"line":84,"column":7}}],"line":79},"14":{"loc":{"start":{"line":91,"column":4},"end":{"line":94,"column":5}},"type":"if","locations":[{"start":{"line":91,"column":4},"end":{"line":94,"column":5}},{"start":{},"end":{}}],"line":91},"15":{"loc":{"start":{"line":98,"column":6},"end":{"line":98,"column":28}},"type":"if","locations":[{"start":{"line":98,"column":6},"end":{"line":98,"column":28}},{"start":{},"end":{}}],"line":98},"16":{"loc":{"start":{"line":119,"column":12},"end":{"line":119,"column":61}},"type":"if","locations":[{"start":{"line":119,"column":12},"end":{"line":119,"column":61}},{"start":{},"end":{}}],"line":119},"17":{"loc":{"start":{"line":126,"column":4},"end":{"line":128,"column":91}},"type":"cond-expr","locations":[{"start":{"line":127,"column":8},"end":{"line":127,"column":51}},{"start":{"line":128,"column":8},"end":{"line":128,"column":91}}],"line":126}},"s":{"0":0,"1":0,"2":0,"3":0,"4":0,"5":0,"6":0,"7":0,"8":0,"9":0,"10":0,"11":0,"12":0,"13":6,"14":6,"15":6,"16":6,"17":6,"18":6,"19":6,"20":6,"21":6,"22":6,"23":60,"24":0,"25":60,"26":60,"27":60,"28":60,"29":27,"30":27,"31":27,"32":0,"33":0,"34":60,"35":600,"36":186,"37":414,"38":30,"39":30,"40":30,"41":6,"42":0,"43":0,"44":0,"45":0,"46":0,"47":0,"48":0,"49":0,"50":0,"51":0,"52":0,"53":0,"54":6,"55":0,"56":0,"57":0,"58":0,"59":0,"60":0,"61":0,"62":0,"63":6,"64":3,"65":3,"66":3,"67":3,"68":0,"69":0,"70":0,"71":0,"72":0,"73":0,"74":0,"75":0,"76":0,"77":0,"78":0,"79":0,"80":0,"81":0,"82":6,"83":3,"84":0,"85":0,"86":0,"87":0,"88":0,"89":6,"90":6,"91":6},"f":{"0":0,"1":0,"2":0,"3":0,"4":6,"5":60,"6":0,"7":0,"8":0,"9":0,"10":0,"11":3,"12":0,"13":0,"14":0,"15":3,"16":0},"b":{"0":[0,0],"1":[0,0],"2":[0,0],"3":[0,0],"4":[0,60],"5":[27,33],"6":[186,414],"7":[30,384],"8":[414,186],"9":[0,0],"10":[0,0],"11":[0,0],"12":[0,0],"13":[0,0],"14":[3,0],"15":[0,0],"16":[0,0],"17":[3,3]},"_coverageSchema":"1a1c01bbd47fc00a2c39e90264f33305004495a9","hash":"2c69a959155207c42317a831f69bb1c60e5540af"}
,"/Users/michaellongerich/Documents/1.Projects/Code/portfolio/src/hooks/useScrollState.js": {"path":"/Users/michaellongerich/Documents/1.Projects/Code/portfolio/src/hooks/useScrollState.js","statementMap":{"0":{"start":{"line":4,"column":34},"end":{"line":4,"column":49}},"1":{"start":{"line":6,"column":2},"end":{"line":10,"column":18}},"2":{"start":{"line":7,"column":19},"end":{"line":7,"column":64}},"3":{"start":{"line":7,"column":25},"end":{"line":7,"column":64}},"4":{"start":{"line":8,"column":4},"end":{"line":8,"column":65}},"5":{"start":{"line":9,"column":4},"end":{"line":9,"column":62}},"6":{"start":{"line":9,"column":17},"end":{"line":9,"column":61}},"7":{"start":{"line":12,"column":2},"end":{"line":12,"column":18}}},"fnMap":{"0":{"name":"useScrollState","decl":{"start":{"line":3,"column":16},"end":{"line":3,"column":30}},"loc":{"start":{"line":3,"column":46},"end":{"line":13,"column":1}},"line":3},"1":{"name":"(anonymous_1)","decl":{"start":{"line":6,"column":12},"end":{"line":6,"column":13}},"loc":{"start":{"line":6,"column":18},"end":{"line":10,"column":3}},"line":6},"2":{"name":"(anonymous_2)","decl":{"start":{"line":7,"column":19},"end":{"line":7,"column":20}},"loc":{"start":{"line":7,"column":25},"end":{"line":7,"column":64}},"line":7},"3":{"name":"(anonymous_3)","decl":{"start":{"line":9,"column":11},"end":{"line":9,"column":12}},"loc":{"start":{"line":9,"column":17},"end":{"line":9,"column":61}},"line":9}},"branchMap":{"0":{"loc":{"start":{"line":3,"column":31},"end":{"line":3,"column":44}},"type":"default-arg","locations":[{"start":{"line":3,"column":43},"end":{"line":3,"column":44}}],"line":3}},"s":{"0":15,"1":15,"2":10,"3":1,"4":10,"5":10,"6":10,"7":15},"f":{"0":15,"1":10,"2":1,"3":10},"b":{"0":[0]},"_coverageSchema":"1a1c01bbd47fc00a2c39e90264f33305004495a9","hash":"a5b538a1e040c3a8d7a04f3b07f49b43cedf6cd9"}
,"/Users/michaellongerich/Documents/1.Projects/Code/portfolio/src/hooks/useTheme.js": {"path":"/Users/michaellongerich/Documents/1.Projects/Code/portfolio/src/hooks/useTheme.js","statementMap":{"0":{"start":{"line":4,"column":28},"end":{"line":8,"column":4}},"1":{"start":{"line":5,"column":18},"end":{"line":5,"column":47}},"2":{"start":{"line":6,"column":4},"end":{"line":6,"column":28}},"3":{"start":{"line":6,"column":15},"end":{"line":6,"column":28}},"4":{"start":{"line":7,"column":4},"end":{"line":7,"column":88}},"5":{"start":{"line":10,"column":2},"end":{"line":13,"column":14}},"6":{"start":{"line":11,"column":4},"end":{"line":11,"column":63}},"7":{"start":{"line":12,"column":4},"end":{"line":12,"column":41}},"8":{"start":{"line":15,"column":22},"end":{"line":15,"column":78}},"9":{"start":{"line":15,"column":28},"end":{"line":15,"column":78}},"10":{"start":{"line":15,"column":45},"end":{"line":15,"column":76}},"11":{"start":{"line":17,"column":2},"end":{"line":17,"column":32}}},"fnMap":{"0":{"name":"useTheme","decl":{"start":{"line":3,"column":16},"end":{"line":3,"column":24}},"loc":{"start":{"line":3,"column":27},"end":{"line":18,"column":1}},"line":3},"1":{"name":"(anonymous_1)","decl":{"start":{"line":4,"column":37},"end":{"line":4,"column":38}},"loc":{"start":{"line":4,"column":43},"end":{"line":8,"column":3}},"line":4},"2":{"name":"(anonymous_2)","decl":{"start":{"line":10,"column":12},"end":{"line":10,"column":13}},"loc":{"start":{"line":10,"column":18},"end":{"line":13,"column":3}},"line":10},"3":{"name":"(anonymous_3)","decl":{"start":{"line":15,"column":22},"end":{"line":15,"column":23}},"loc":{"start":{"line":15,"column":28},"end":{"line":15,"column":78}},"line":15},"4":{"name":"(anonymous_4)","decl":{"start":{"line":15,"column":37},"end":{"line":15,"column":38}},"loc":{"start":{"line":15,"column":45},"end":{"line":15,"column":76}},"line":15}},"branchMap":{"0":{"loc":{"start":{"line":6,"column":4},"end":{"line":6,"column":28}},"type":"if","locations":[{"start":{"line":6,"column":4},"end":{"line":6,"column":28}},{"start":{},"end":{}}],"line":6},"1":{"loc":{"start":{"line":7,"column":11},"end":{"line":7,"column":87}},"type":"cond-expr","locations":[{"start":{"line":7,"column":71},"end":{"line":7,"column":77}},{"start":{"line":7,"column":80},"end":{"line":7,"column":87}}],"line":7},"2":{"loc":{"start":{"line":15,"column":45},"end":{"line":15,"column":76}},"type":"cond-expr","locations":[{"start":{"line":15,"column":60},"end":{"line":15,"column":67}},{"start":{"line":15,"column":70},"end":{"line":15,"column":76}}],"line":15}},"s":{"0":26,"1":18,"2":18,"3":7,"4":11,"5":26,"6":22,"7":22,"8":26,"9":4,"10":4,"11":26},"f":{"0":26,"1":18,"2":22,"3":4,"4":4},"b":{"0":[7,11],"1":[1,10],"2":[3,1]},"_coverageSchema":"1a1c01bbd47fc00a2c39e90264f33305004495a9","hash":"66bfafe5335ec3c068693beb447ee1721b8dff97"}
}
