{"/Users/michaellongerich/Documents/1.Projects/Code/portfolio/src/data/diagramData.js": {"path":"/Users/michaellongerich/Documents/1.Projects/Code/portfolio/src/data/diagramData.js","statementMap":{"0":{"start":{"line":1,"column":28},"end":{"line":22,"column":1}},"1":{"start":{"line":24,"column":31},"end":{"line":35,"column":1}},"2":{"start":{"line":37,"column":26},"end":{"line":39,"column":2}},"3":{"start":{"line":41,"column":30},"end":{"line":41,"column":33}},"4":{"start":{"line":43,"column":21},"end":{"line":43,"column":78}},"5":{"start":{"line":45,"column":29},"end":{"line":55,"column":1}}},"fnMap":{},"branchMap":{},"s":{"0":2,"1":2,"2":2,"3":2,"4":2,"5":2},"f":{},"b":{},"_coverageSchema":"1a1c01bbd47fc00a2c39e90264f33305004495a9","hash":"19bc1cbb0071bf1e9176c9146cdee1353f9ddcba"}
}
