TN:
SF:src/components/Contact/ContactCard.jsx
FN:3,ContactCard
FN:7,(anonymous_1)
FN:8,(anonymous_2)
FNF:3
FNH:3
FNDA:14,ContactCard
FNDA:3,(anonymous_1)
FNDA:1,(anonymous_2)
DA:4,14
DA:5,14
DA:6,14
DA:7,3
DA:8,1
DA:11,14
DA:17,14
DA:18,0
DA:25,14
LF:9
LH:8
BRDA:5,0,0,3
BRDA:5,0,1,11
BRDA:17,1,0,0
BRDA:17,1,1,14
BRDA:29,2,0,13
BRDA:29,2,1,1
BRF:6
BRH:5
end_of_record
TN:
SF:src/components/Diagram/NodeDetailCard.jsx
FN:8,positionCard
FN:39,NodeDetailCard
FN:53,(anonymous_2)
FN:55,(anonymous_3)
FN:63,(anonymous_4)
FN:65,(anonymous_5)
FN:70,(anonymous_6)
FN:76,(anonymous_7)
FN:78,(anonymous_8)
FN:84,(anonymous_9)
FN:87,(anonymous_10)
FN:89,(anonymous_11)
FN:91,(anonymous_12)
FN:114,(anonymous_13)
FN:115,(anonymous_14)
FNF:15
FNH:12
FNDA:0,positionCard
FNDA:17,NodeDetailCard
FNDA:12,(anonymous_2)
FNDA:0,(anonymous_3)
FNDA:12,(anonymous_4)
FNDA:0,(anonymous_5)
FNDA:11,(anonymous_6)
FNDA:12,(anonymous_7)
FNDA:2,(anonymous_8)
FNDA:11,(anonymous_9)
FNDA:12,(anonymous_10)
FNDA:1,(anonymous_11)
FNDA:11,(anonymous_12)
FNDA:3,(anonymous_13)
FNDA:1,(anonymous_14)
DA:6,1
DA:9,0
DA:10,0
DA:11,0
DA:12,0
DA:13,0
DA:14,0
DA:16,0
DA:17,0
DA:18,0
DA:19,0
DA:20,0
DA:21,0
DA:22,0
DA:24,0
DA:25,0
DA:26,0
DA:27,0
DA:28,0
DA:31,0
DA:32,0
DA:33,0
DA:34,0
DA:35,0
DA:40,17
DA:41,17
DA:42,17
DA:43,17
DA:44,17
DA:46,17
DA:47,17
DA:48,17
DA:53,17
DA:54,12
DA:55,11
DA:56,0
DA:57,0
DA:63,17
DA:64,12
DA:65,11
DA:66,0
DA:68,11
DA:69,11
DA:70,11
DA:71,11
DA:72,11
DA:76,17
DA:77,12
DA:78,11
DA:79,2
DA:80,1
DA:83,11
DA:84,11
DA:87,17
DA:88,12
DA:89,11
DA:90,11
DA:91,11
DA:94,17
DA:114,3
DA:115,1
LF:61
LH:35
BRDA:10,0,0,0
BRDA:10,0,1,0
BRDA:11,1,0,0
BRDA:11,1,1,0
BRDA:16,2,0,0
BRDA:16,2,1,0
BRDA:20,3,0,0
BRDA:20,3,1,0
BRDA:25,4,0,0
BRDA:25,4,1,0
BRDA:27,5,0,0
BRDA:27,5,1,0
BRDA:32,6,0,0
BRDA:32,6,1,0
BRDA:33,7,0,0
BRDA:33,7,1,0
BRDA:42,8,0,16
BRDA:42,8,1,1
BRDA:43,9,0,17
BRDA:43,9,1,16
BRDA:43,9,2,1
BRDA:46,10,0,16
BRDA:46,10,1,1
BRDA:46,11,0,16
BRDA:46,11,1,16
BRDA:47,12,0,16
BRDA:47,12,1,1
BRDA:48,13,0,16
BRDA:48,13,1,1
BRDA:49,14,0,0
BRDA:49,14,1,16
BRDA:50,15,0,0
BRDA:50,15,1,16
BRDA:54,16,0,11
BRDA:54,16,1,1
BRDA:54,17,0,12
BRDA:54,17,1,11
BRDA:54,17,2,11
BRDA:56,18,0,0
BRDA:56,18,1,0
BRDA:56,19,0,0
BRDA:56,19,1,0
BRDA:64,20,0,1
BRDA:64,20,1,11
BRDA:66,21,0,0
BRDA:66,21,1,0
BRDA:66,22,0,0
BRDA:66,22,1,0
BRDA:77,23,0,1
BRDA:77,23,1,11
BRDA:79,24,0,1
BRDA:79,24,1,1
BRDA:79,25,0,2
BRDA:79,25,1,2
BRDA:79,25,2,1
BRDA:88,26,0,1
BRDA:88,26,1,11
BRDA:89,27,0,1
BRDA:89,27,1,0
BRDA:96,28,0,16
BRDA:96,28,1,1
BRDA:107,29,0,17
BRDA:107,29,1,1
BRDA:110,30,0,3
BRDA:110,30,1,14
BRDA:122,31,0,16
BRDA:122,31,1,1
BRDA:124,32,0,17
BRDA:124,32,1,0
BRF:69
BRH:41
end_of_record
TN:
SF:src/components/Header/Header.jsx
FN:6,MoonIcon
FN:14,SunIcon
FN:28,Header
FN:34,(anonymous_3)
FN:35,(anonymous_4)
FN:43,(anonymous_5)
FN:53,(anonymous_6)
FN:68,(anonymous_7)
FN:69,(anonymous_8)
FN:79,NavLink
FN:85,(anonymous_10)
FN:86,(anonymous_11)
FNF:12
FNH:10
FNDA:15,MoonIcon
FNDA:15,SunIcon
FNDA:15,Header
FNDA:10,(anonymous_3)
FNDA:11,(anonymous_4)
FNDA:10,(anonymous_5)
FNDA:0,(anonymous_6)
FNDA:2,(anonymous_7)
FNDA:0,(anonymous_8)
FNDA:50,NavLink
FNDA:3,(anonymous_10)
FNDA:1,(anonymous_11)
DA:7,15
DA:15,15
DA:29,15
DA:30,15
DA:31,15
DA:32,15
DA:34,15
DA:35,10
DA:36,11
DA:37,11
DA:38,0
DA:41,10
DA:42,10
DA:43,10
DA:46,15
DA:53,0
DA:68,2
DA:69,0
DA:80,50
DA:81,50
DA:85,3
DA:86,1
LF:22
LH:19
BRDA:37,0,0,0
BRDA:37,0,1,11
BRDA:47,1,0,1
BRDA:47,1,1,14
BRDA:58,2,0,0
BRDA:58,2,1,15
BRDA:64,3,0,2
BRDA:64,3,1,13
BRDA:84,4,0,3
BRDA:84,4,1,47
BRF:10
BRH:8
end_of_record
TN:
SF:src/data/diagramData.js
FNF:0
FNH:0
DA:1,2
DA:24,2
DA:37,2
DA:41,2
DA:43,2
DA:45,2
LF:6
LH:6
BRF:0
BRH:0
end_of_record
TN:
SF:src/data/nodeData.js
FN:126,escapeHtml
FN:127,(anonymous_1)
FN:130,renderNodeLines
FNF:3
FNH:3
FNDA:203,escapeHtml
FNDA:3,(anonymous_1)
FNDA:16,renderNodeLines
DA:1,1
DA:124,1
DA:127,203
DA:131,16
DA:132,16
DA:133,132
DA:134,132
DA:135,116
DA:136,100
DA:137,87
DA:138,87
DA:139,87
DA:140,87
DA:141,87
DA:142,16
DA:143,16
DA:145,87
DA:148,16
LF:18
LH:18
BRDA:130,0,0,0
BRDA:134,1,0,16
BRDA:134,1,1,116
BRDA:135,2,0,16
BRDA:135,2,1,100
BRDA:136,3,0,13
BRDA:136,3,1,87
BRDA:137,4,0,87
BRDA:137,4,1,0
BRDA:140,5,0,87
BRDA:140,5,1,72
BRDA:141,6,0,16
BRDA:141,6,1,71
BRDA:141,7,0,87
BRDA:141,7,1,87
BRF:15
BRH:13
end_of_record
TN:
SF:src/hooks/useHoverState.js
FN:3,useHoverState
FN:5,(anonymous_1)
FN:6,(anonymous_2)
FN:8,(anonymous_3)
FNF:4
FNH:4
FNDA:107,useHoverState
FNDA:67,(anonymous_1)
FNDA:11,(anonymous_2)
FNDA:67,(anonymous_3)
DA:4,107
DA:5,107
DA:6,67
DA:7,67
DA:8,67
DA:10,107
LF:6
LH:6
BRDA:3,0,0,104
BRF:1
BRH:1
end_of_record
TN:
SF:src/hooks/useNodeCard.js
FN:3,useNodeCard
FN:11,showCard
FN:18,hideCard
FN:20,(anonymous_3)
FN:23,(anonymous_4)
FN:33,pinCard
FN:49,dismissCard
FNF:7
FNH:7
FNDA:26,useNodeCard
FNDA:7,showCard
FNDA:4,hideCard
FNDA:2,(anonymous_3)
FNDA:2,(anonymous_4)
FNDA:6,pinCard
FNDA:1,dismissCard
DA:4,26
DA:5,26
DA:6,26
DA:8,26
DA:9,26
DA:12,7
DA:13,7
DA:14,7
DA:15,7
DA:19,4
DA:20,3
DA:21,2
DA:22,2
DA:23,2
DA:24,2
DA:25,1
DA:26,1
DA:28,1
DA:34,6
DA:35,6
DA:36,6
DA:37,1
DA:38,1
DA:39,1
DA:40,1
DA:42,5
DA:43,5
DA:44,5
DA:45,5
DA:50,1
DA:51,1
DA:52,1
DA:53,1
DA:54,1
DA:55,1
DA:58,26
LF:36
LH:36
BRDA:19,0,0,1
BRDA:19,0,1,3
BRDA:22,1,0,0
BRDA:22,1,1,2
BRDA:24,2,0,1
BRDA:24,2,1,1
BRDA:36,3,0,1
BRDA:36,3,1,5
BRF:8
BRH:7
end_of_record
TN:
SF:src/hooks/useProvisioning.js
FN:6,elementsFor
FN:10,visibleElementFor
FN:12,(anonymous_2)
FN:18,shouldReveal
FN:27,useProvisioning
FN:39,(anonymous_5)
FN:48,(anonymous_6)
FN:49,(anonymous_7)
FN:63,(anonymous_8)
FN:66,(anonymous_9)
FN:76,(anonymous_10)
FN:89,(anonymous_11)
FN:97,(anonymous_12)
FN:100,(anonymous_13)
FN:110,(anonymous_14)
FN:116,(anonymous_15)
FN:117,(anonymous_16)
FNF:17
FNH:4
FNDA:0,elementsFor
FNDA:0,visibleElementFor
FNDA:0,(anonymous_2)
FNDA:0,shouldReveal
FNDA:6,useProvisioning
FNDA:60,(anonymous_5)
FNDA:0,(anonymous_6)
FNDA:0,(anonymous_7)
FNDA:0,(anonymous_8)
FNDA:0,(anonymous_9)
FNDA:0,(anonymous_10)
FNDA:3,(anonymous_11)
FNDA:0,(anonymous_12)
FNDA:0,(anonymous_13)
FNDA:0,(anonymous_14)
FNDA:3,(anonymous_15)
FNDA:0,(anonymous_16)
DA:7,0
DA:11,0
DA:12,0
DA:13,0
DA:14,0
DA:19,0
DA:20,0
DA:21,0
DA:22,0
DA:23,0
DA:24,0
DA:28,6
DA:29,6
DA:30,6
DA:31,6
DA:32,6
DA:34,6
DA:35,6
DA:36,6
DA:37,6
DA:39,6
DA:40,60
DA:41,60
DA:42,60
DA:43,60
DA:45,60
DA:46,27
DA:47,27
DA:48,27
DA:49,0
DA:53,60
DA:54,600
DA:55,414
DA:56,30
DA:57,30
DA:58,30
DA:63,6
DA:64,0
DA:65,0
DA:66,0
DA:67,0
DA:68,0
DA:69,0
DA:70,0
DA:71,0
DA:73,0
DA:76,6
DA:77,0
DA:78,0
DA:79,0
DA:80,0
DA:81,0
DA:83,0
DA:86,0
DA:89,6
DA:90,3
DA:91,3
DA:92,3
DA:93,3
DA:96,0
DA:97,0
DA:98,0
DA:99,0
DA:100,0
DA:101,0
DA:102,0
DA:106,0
DA:107,0
DA:108,0
DA:110,0
DA:111,0
DA:112,0
DA:116,6
DA:117,3
DA:118,0
DA:119,0
DA:120,0
DA:124,6
DA:126,6
DA:130,6
LF:80
LH:36
BRDA:12,0,0,0
BRDA:12,0,1,0
BRDA:14,1,0,0
BRDA:14,1,1,0
BRDA:20,2,0,0
BRDA:20,2,1,0
BRDA:23,3,0,0
BRDA:23,3,1,0
BRDA:40,4,0,0
BRDA:40,4,1,60
BRDA:45,5,0,27
BRDA:45,5,1,33
BRDA:54,6,0,186
BRDA:54,6,1,414
BRDA:55,7,0,30
BRDA:55,7,1,384
BRDA:55,8,0,414
BRDA:55,8,1,186
BRDA:64,9,0,0
BRDA:64,9,1,0
BRDA:68,10,0,0
BRDA:68,10,1,0
BRDA:78,11,0,0
BRDA:78,11,1,0
BRDA:78,12,0,0
BRDA:78,12,1,0
BRDA:79,13,0,0
BRDA:79,13,1,0
BRDA:91,14,0,3
BRDA:91,14,1,0
BRDA:98,15,0,0
BRDA:98,15,1,0
BRDA:119,16,0,0
BRDA:119,16,1,0
BRDA:126,17,0,3
BRDA:126,17,1,3
BRF:36
BRH:12
end_of_record
TN:
SF:src/hooks/useScrollState.js
FN:3,useScrollState
FN:6,(anonymous_1)
FN:7,(anonymous_2)
FN:9,(anonymous_3)
FNF:4
FNH:4
FNDA:15,useScrollState
FNDA:10,(anonymous_1)
FNDA:1,(anonymous_2)
FNDA:10,(anonymous_3)
DA:4,15
DA:6,15
DA:7,10
DA:8,10
DA:9,10
DA:12,15
LF:6
LH:6
BRDA:3,0,0,0
BRF:1
BRH:0
end_of_record
TN:
SF:src/hooks/useTheme.js
FN:3,useTheme
FN:4,(anonymous_1)
FN:10,(anonymous_2)
FN:15,(anonymous_3)
FN:15,(anonymous_4)
FNF:5
FNH:5
FNDA:26,useTheme
FNDA:18,(anonymous_1)
FNDA:22,(anonymous_2)
FNDA:4,(anonymous_3)
FNDA:4,(anonymous_4)
DA:4,26
DA:5,18
DA:6,18
DA:7,11
DA:10,26
DA:11,22
DA:12,22
DA:15,26
DA:17,26
LF:9
LH:9
BRDA:6,0,0,7
BRDA:6,0,1,11
BRDA:7,1,0,1
BRDA:7,1,1,10
BRDA:15,2,0,3
BRDA:15,2,1,1
BRF:6
BRH:6
end_of_record
